root - ERROR - Error occurred while processing brand: Mäurer & Wirtz with link: https://www.parfumo.com/Perfumes/Maeurer_Wirtz. Perfume: Culture by Tabac: Egypt Dreams with link: https://www.parfumo.com/Perfumes/Maeurer_Wirtz/Culture_by_Tabac_Egypt_Dreams_Eau_de_Toilette
Traceback (most recent call last):
  File "/home/gabriel/projetos/parfumo-scraper/parfumo.com/app/get_parfum.py", line 47, in conect_to_link
    'name': parfum_tag.xpath('.//div[@class="name"]/a/text()')[0],
IndexError: list index out of range
root - ERROR - Error occurred while processing brand: Note 33 with link: https://www.parfumo.com/Perfumes/Note_33. Perfume: Gipsy with link: https://www.parfumo.com/Perfumes/Note_33/Gipsy
Traceback (most recent call last):
  File "/home/gabriel/projetos/parfumo-scraper/parfumo.com/app/get_parfum.py", line 47, in conect_to_link
    'name': parfum_tag.xpath('.//div[@class="name"]/a/text()')[0],
IndexError: list index out of range
root - ERROR - Error occurred while processing brand: Puig with link: https://www.parfumo.com/Perfumes/Puig. Perfume: Fiesta de Estivalia with link: https://www.parfumo.com/Perfumes/Puig/Fiesta_de_Estivalia
Traceback (most recent call last):
  File "/home/gabriel/projetos/parfumo-scraper/parfumo.com/app/get_parfum.py", line 47, in conect_to_link
    'name': parfum_tag.xpath('.//div[@class="name"]/a/text()')[0],
IndexError: list index out of range
root - ERROR - Error occurred while processing brand: top2base with link: https://www.parfumo.com/Perfumes/top2base. Perfume: Oud&Toffee with link: https://www.parfumo.com/Perfumes/top2base/OudToffee
Traceback (most recent call last):
  File "/home/gabriel/projetos/parfumo-scraper/parfumo.com/app/get_parfum.py", line 47, in conect_to_link
    'name': parfum_tag.xpath('.//div[@class="name"]/a/text()')[0],
IndexError: list index out of range
root - ERROR - Error occurred while processing brand: Ultima II with link: https://www.parfumo.com/Perfumes/Ultima_II. Perfume: U2 Super Scent with link: https://www.parfumo.com/Perfumes/Ultima_II/U2_Super_Scent
Traceback (most recent call last):
  File "/home/gabriel/projetos/parfumo-scraper/parfumo.com/app/get_parfum.py", line 47, in conect_to_link
    'name': parfum_tag.xpath('.//div[@class="name"]/a/text()')[0],
IndexError: list index out of range
root - ERROR - Error occurred while processing brand: Valeria Mazza with link: https://www.parfumo.com/Perfumes/Valeria_Mazza. Perfume: Amor Infinito La Nuit with link: https://www.parfumo.com/Perfumes/Valeria_Mazza/Amor_Infinito_La_Nuit
Traceback (most recent call last):
  File "/home/gabriel/projetos/parfumo-scraper/parfumo.com/app/get_parfum.py", line 47, in conect_to_link
    'name': parfum_tag.xpath('.//div[@class="name"]/a/text()')[0],
IndexError: list index out of range
